<?xml version="1.0" encoding="UTF-8"?>
<coverage generated="1658273392457" clover="3.2.0">
  <project timestamp="1658273392457" name="All files">
    <metrics statements="2" coveredstatements="0" conditionals="0" coveredconditionals="0" methods="1" coveredmethods="0" elements="3" coveredelements="0" complexity="0" loc="2" ncloc="2" packages="2" files="3" classes="3"/>
    <package name="Q&A.individual_questions">
      <metrics statements="0" coveredstatements="0" conditionals="0" coveredconditionals="0" methods="0" coveredmethods="0"/>
      <file name="AddAnswerModal.jsx" path="/Users/louisayonzon/hackReactor/Front-End-Capstone/fec/client/src/Q&A/individual_questions/AddAnswerModal.jsx">
        <metrics statements="0" coveredstatements="0" conditionals="0" coveredconditionals="0" methods="0" coveredmethods="0"/>
      </file>
      <file name="Helpful.jsx" path="/Users/louisayonzon/hackReactor/Front-End-Capstone/fec/client/src/Q&A/individual_questions/Helpful.jsx">
        <metrics statements="0" coveredstatements="0" conditionals="0" coveredconditionals="0" methods="0" coveredmethods="0"/>
      </file>
    </package>
    <package name="Relateditems.style.css">
      <metrics statements="2" coveredstatements="0" conditionals="0" coveredconditionals="0" methods="1" coveredmethods="0"/>
      <file name="star.js" path="/Users/louisayonzon/hackReactor/Front-End-Capstone/fec/client/src/Relateditems/style.css/star.js">
        <metrics statements="2" coveredstatements="0" conditionals="0" coveredconditionals="0" methods="1" coveredmethods="0"/>
        <line num="5" count="0" type="stmt"/>
        <line num="17" count="0" type="stmt"/>
      </file>
    </package>
  </project>
</coverage>
