{"/Users/louisayonzon/hackReactor/Front-End-Capstone/fec/client/src/Q&A/individual_questions/AddAnswerModal.jsx": {"path":"/Users/louisayonzon/hackReactor/Front-End-Capstone/fec/client/src/Q&A/individual_questions/AddAnswerModal.jsx","statementMap":{},"fnMap":{},"branchMap":{},"s":{},"f":{},"b":{}}
,"/Users/louisayonzon/hackReactor/Front-End-Capstone/fec/client/src/Q&A/individual_questions/Helpful.jsx": {"path":"/Users/louisayonzon/hackReactor/Front-End-Capstone/fec/client/src/Q&A/individual_questions/Helpful.jsx","statementMap":{},"fnMap":{},"branchMap":{},"s":{},"f":{},"b":{}}
,"/Users/louisayonzon/hackReactor/Front-End-Capstone/fec/client/src/Relateditems/style.css/star.js": {"path":"/Users/louisayonzon/hackReactor/Front-End-Capstone/fec/client/src/Relateditems/style.css/star.js","statementMap":{"0":{"start":{"line":5,"column":27},"end":{"line":21,"column":1}},"1":{"start":{"line":17,"column":22},"end":{"line":17,"column":25}}},"fnMap":{"0":{"name":"(anonymous_0)","decl":{"start":{"line":17,"column":13},"end":{"line":17,"column":14}},"loc":{"start":{"line":17,"column":22},"end":{"line":17,"column":25}},"line":17}},"branchMap":{},"s":{"0":0,"1":0},"f":{"0":0},"b":{}}
}
